Arguments: 
  /Users/user/.nvm/versions/node/v6.11.5/bin/node /Users/user/.nvm/versions/node/v6.11.5/bin/yarn add next.5.0.1-canary.13

PATH: 
  /Users/user/.rvm/gems/ruby-2.3.0/bin:/Users/user/.rvm/gems/ruby-2.3.0@global/bin:/Users/user/.rvm/rubies/ruby-2.3.0/bin:/Users/user/miniconda3/bin:/usr/local/bin:/usr/bin:/bin:/usr/sbin:/sbin:/usr/local/go/bin:/usr/local/git/bin:/Users/user/.rvm/gems/ruby-2.3.0/bin:/Users/user/.rvm/gems/ruby-2.3.0@global/bin:/Users/user/.rvm/rubies/ruby-2.3.0/bin:/Users/user/miniconda3/bin:/Users/user/.nvm/versions/node/v6.11.5/bin:/Users/user/Library/Android/sdk/tools:/Users/user/Library/Android/sdk/platform-tools:/Users/user/Documents:/usr/local/opt/go/libexec/bin:/Users/user/.go/bin:/Users/user/.rvm/bin:/Users/user/Library/Android/sdk/tools:/Users/user/Library/Android/sdk/platform-tools:/Users/user/Documents:/usr/local/opt/go/libexec/bin:/Users/user/.go/bin

Yarn version: 
  1.5.1

Node version: 
  6.11.5

Platform: 
  darwin x64

npm manifest: 
  {
    "name": "17bookMe",
    "version": "1.0.0",
    "main": "index.js",
    "repository": "https://github.com/polo13999/17bookMe.git",
    "author": "線上讀書會 <polo13999@gmail.com>",
    "license": "MIT",
    "scripts": {
      "install": "yarn build-all",
      "next": "yarn build-firebase && cd \"app\" && yarn && yarn dev",
      "preserve": "yarn build-all",
      "serve": "firebase serve",
      "predeploy": "yarn build-all",
      "deploy": "firebase deploy",
      "build-all": "yarn build-next && yarn build-firebase",
      "build-next": "cd \"app\" && yarn && yarn build",
      "build-firebase": "cd \"functions\" && yarn"
    }
  }

yarn manifest: 
  No manifest

Lockfile: 
  # THIS IS AN AUTOGENERATED FILE. DO NOT EDIT THIS FILE DIRECTLY.
  # yarn lockfile v1

Trace: 
  Error: Couldn't find package "next.5.0.1-canary.13" on the "npm" registry.
      at MessageError.Error (native)
      at new MessageError (/Users/user/.nvm/versions/node/v6.11.5/lib/node_modules/yarn/lib/cli.js:186:110)
      at NpmResolver.<anonymous> (/Users/user/.nvm/versions/node/v6.11.5/lib/node_modules/yarn/lib/cli.js:51625:15)
      at next (native)
      at step (/Users/user/.nvm/versions/node/v6.11.5/lib/node_modules/yarn/lib/cli.js:98:30)
      at /Users/user/.nvm/versions/node/v6.11.5/lib/node_modules/yarn/lib/cli.js:109:13
      at process._tickCallback (internal/process/next_tick.js:109:7)
